The target system is: Buildroot - 1 - armv8l
The host system is: Linux - 4.18.0-25-generic - x86_64
Compiling the C compiler identification source file "CMakeCCompilerId.c" succeeded.
Compiler: /opt/buildroot/buildroot/output/host/bin/arm-linux-gcc 
Build flags: -D_LARGEFILE_SOURCE;-D_LARGEFILE64_SOURCE;-D_FILE_OFFSET_BITS=64;-Os
Id flags:  

The output was:
0


Compilation of the C compiler identification source "CMakeCCompilerId.c" produced "a.out"

The C compiler identification is GNU, found in "/opt/buildroot/freeplay-gpio/cmake-build-release/CMakeFiles/3.14.3/CompilerIdC/a.out"

Determining if the C compiler works passed with the following output:
Change Dir: /opt/buildroot/freeplay-gpio/cmake-build-release/CMakeFiles/CMakeTmp

Run Build Command(s):/usr/bin/make cmTC_91e31/fast 
/usr/bin/make -f CMakeFiles/cmTC_91e31.dir/build.make CMakeFiles/cmTC_91e31.dir/build
make[1] : on entre dans le répertoire « /opt/buildroot/freeplay-gpio/cmake-build-release/CMakeFiles/CMakeTmp »
Building C object CMakeFiles/cmTC_91e31.dir/testCCompiler.c.o
/opt/buildroot/buildroot/output/host/bin/arm-linux-gcc --sysroot=/opt/buildroot/buildroot/output/host/arm-buildroot-linux-gnueabihf/sysroot   -D_LARGEFILE_SOURCE -D_LARGEFILE64_SOURCE -D_FILE_OFFSET_BITS=64 -Os   -DNDEBUG   -o CMakeFiles/cmTC_91e31.dir/testCCompiler.c.o   -c /opt/buildroot/freeplay-gpio/cmake-build-release/CMakeFiles/CMakeTmp/testCCompiler.c
Linking C executable cmTC_91e31
/snap/clion/73/bin/cmake/linux/bin/cmake -E cmake_link_script CMakeFiles/cmTC_91e31.dir/link.txt --verbose=1
/opt/buildroot/buildroot/output/host/bin/arm-linux-gcc --sysroot=/opt/buildroot/buildroot/output/host/arm-buildroot-linux-gnueabihf/sysroot -D_LARGEFILE_SOURCE -D_LARGEFILE64_SOURCE -D_FILE_OFFSET_BITS=64 -Os   -DNDEBUG    CMakeFiles/cmTC_91e31.dir/testCCompiler.c.o  -o cmTC_91e31 
make[1] : on quitte le répertoire « /opt/buildroot/freeplay-gpio/cmake-build-release/CMakeFiles/CMakeTmp »


Detecting C compiler ABI info compiled with the following output:
Change Dir: /opt/buildroot/freeplay-gpio/cmake-build-release/CMakeFiles/CMakeTmp

Run Build Command(s):/usr/bin/make cmTC_d93b8/fast 
/usr/bin/make -f CMakeFiles/cmTC_d93b8.dir/build.make CMakeFiles/cmTC_d93b8.dir/build
make[1]: Entering directory '/opt/buildroot/freeplay-gpio/cmake-build-release/CMakeFiles/CMakeTmp'
Building C object CMakeFiles/cmTC_d93b8.dir/CMakeCCompilerABI.c.o
/opt/buildroot/buildroot/output/host/bin/arm-linux-gcc --sysroot=/opt/buildroot/buildroot/output/host/arm-buildroot-linux-gnueabihf/sysroot   -D_LARGEFILE_SOURCE -D_LARGEFILE64_SOURCE -D_FILE_OFFSET_BITS=64 -Os   -DNDEBUG   -v -o CMakeFiles/cmTC_d93b8.dir/CMakeCCompilerABI.c.o   -c /snap/clion/73/bin/cmake/linux/share/cmake-3.14/Modules/CMakeCCompilerABI.c
Using built-in specs.
COLLECT_GCC=/opt/buildroot/buildroot/../board/freeplay/cm3/cross/usr/bin/arm-linux-gcc.br_real
Target: arm-buildroot-linux-gnueabihf
Configured with: ./configure --prefix=/opt/buildroot/buildroot/../board/freeplay/cm3/cross --sysconfdir=/opt/buildroot/buildroot/../board/freeplay/cm3/cross/etc --enable-static --target=arm-buildroot-linux-gnueabihf --with-sysroot=/opt/buildroot/buildroot/../board/freeplay/cm3/cross/arm-buildroot-linux-gnueabihf/sysroot --enable-__cxa_atexit --with-gnu-ld --disable-libssp --disable-multilib --disable-decimal-float --with-gmp=/opt/buildroot/buildroot/../board/freeplay/cm3/cross --with-mpc=/opt/buildroot/buildroot/../board/freeplay/cm3/cross --with-mpfr=/opt/buildroot/buildroot/../board/freeplay/cm3/cross --with-pkgversion='Buildroot 2019.05-00081-g1fa07c4577' --with-bugurl=http://bugs.buildroot.net/ --disable-libquadmath --enable-tls --disable-libmudflap --enable-threads --without-isl --without-cloog --with-abi=aapcs-linux --with-cpu=cortex-a53 --with-fpu=neon-vfpv4 --with-float=hard --with-mode=arm --enable-languages=c,c++ --with-build-time-tools=/opt/buildroot/buildroot/../board/freeplay/cm3/cross/arm-buildroot-linux-gnueabihf/bin --enable-shared --disable-libgomp
Thread model: posix
gcc version 7.4.0 (Buildroot 2019.05-00081-g1fa07c4577) 
COLLECT_GCC_OPTIONS='-mabi=aapcs-linux' '-mfpu=neon-vfpv4' '-marm' '-mfloat-abi=hard' '-mcpu=cortex-a53' '-D' '_LARGEFILE_SOURCE' '-D' '_LARGEFILE64_SOURCE' '-D' '_FILE_OFFSET_BITS=64' '-Os' '-D' 'NDEBUG' '-v' '-o' 'CMakeFiles/cmTC_d93b8.dir/CMakeCCompilerABI.c.o' '-c' '-mtls-dialect=gnu'
 /opt/buildroot/board/freeplay/cm3/cross/bin/../libexec/gcc/arm-buildroot-linux-gnueabihf/7.4.0/cc1 -quiet -v -iprefix /opt/buildroot/board/freeplay/cm3/cross/bin/../lib/gcc/arm-buildroot-linux-gnueabihf/7.4.0/ -isysroot /opt/buildroot/buildroot/output/host/arm-buildroot-linux-gnueabihf/sysroot -D _LARGEFILE_SOURCE -D _LARGEFILE64_SOURCE -D _FILE_OFFSET_BITS=64 -D NDEBUG /snap/clion/73/bin/cmake/linux/share/cmake-3.14/Modules/CMakeCCompilerABI.c -quiet -dumpbase CMakeCCompilerABI.c -mabi=aapcs-linux -mfpu=neon-vfpv4 -marm -mfloat-abi=hard -mcpu=cortex-a53 -mtls-dialect=gnu -auxbase-strip CMakeFiles/cmTC_d93b8.dir/CMakeCCompilerABI.c.o -Os -version -o /tmp/ccalfPi2.s
GNU C11 (Buildroot 2019.05-00081-g1fa07c4577) version 7.4.0 (arm-buildroot-linux-gnueabihf)
	compiled by GNU C version 7.4.0, GMP version 6.1.2, MPFR version 4.0.2, MPC version 1.1.0, isl version none
GGC heuristics: --param ggc-min-expand=100 --param ggc-min-heapsize=131072
ignoring duplicate directory "/opt/buildroot/board/freeplay/cm3/cross/bin/../lib/gcc/../../lib/gcc/arm-buildroot-linux-gnueabihf/7.4.0/include"
ignoring nonexistent directory "/opt/buildroot/buildroot/output/host/arm-buildroot-linux-gnueabihf/sysroot/usr/local/include"
ignoring duplicate directory "/opt/buildroot/board/freeplay/cm3/cross/bin/../lib/gcc/../../lib/gcc/arm-buildroot-linux-gnueabihf/7.4.0/include-fixed"
ignoring duplicate directory "/opt/buildroot/board/freeplay/cm3/cross/bin/../lib/gcc/../../lib/gcc/arm-buildroot-linux-gnueabihf/7.4.0/../../../../arm-buildroot-linux-gnueabihf/include"
#include "..." search starts here:
#include <...> search starts here:
 /opt/buildroot/board/freeplay/cm3/cross/bin/../lib/gcc/arm-buildroot-linux-gnueabihf/7.4.0/include
 /opt/buildroot/board/freeplay/cm3/cross/bin/../lib/gcc/arm-buildroot-linux-gnueabihf/7.4.0/include-fixed
 /opt/buildroot/board/freeplay/cm3/cross/bin/../lib/gcc/arm-buildroot-linux-gnueabihf/7.4.0/../../../../arm-buildroot-linux-gnueabihf/include
 /opt/buildroot/buildroot/output/host/arm-buildroot-linux-gnueabihf/sysroot/usr/include
End of search list.
GNU C11 (Buildroot 2019.05-00081-g1fa07c4577) version 7.4.0 (arm-buildroot-linux-gnueabihf)
	compiled by GNU C version 7.4.0, GMP version 6.1.2, MPFR version 4.0.2, MPC version 1.1.0, isl version none
GGC heuristics: --param ggc-min-expand=100 --param ggc-min-heapsize=131072
Compiler executable checksum: 02f8482f825a330e439a8315f8c281c3
COLLECT_GCC_OPTIONS='-mabi=aapcs-linux' '-mfpu=neon-vfpv4' '-marm' '-mfloat-abi=hard' '-mcpu=cortex-a53' '-D' '_LARGEFILE_SOURCE' '-D' '_LARGEFILE64_SOURCE' '-D' '_FILE_OFFSET_BITS=64' '-Os' '-D' 'NDEBUG' '-v' '-o' 'CMakeFiles/cmTC_d93b8.dir/CMakeCCompilerABI.c.o' '-c' '-mtls-dialect=gnu'
 /opt/buildroot/board/freeplay/cm3/cross/bin/../lib/gcc/arm-buildroot-linux-gnueabihf/7.4.0/../../../../arm-buildroot-linux-gnueabihf/bin/as -v -mcpu=cortex-a53 -mfloat-abi=hard -mfpu=neon-vfpv4 -meabi=5 -o CMakeFiles/cmTC_d93b8.dir/CMakeCCompilerABI.c.o /tmp/ccalfPi2.s
GNU assembler version 2.31.1 (arm-buildroot-linux-gnueabihf) using BFD version (GNU Binutils) 2.31.1
COMPILER_PATH=/opt/buildroot/board/freeplay/cm3/cross/bin/../libexec/gcc/arm-buildroot-linux-gnueabihf/7.4.0/:/opt/buildroot/board/freeplay/cm3/cross/bin/../libexec/gcc/:/opt/buildroot/board/freeplay/cm3/cross/bin/../lib/gcc/arm-buildroot-linux-gnueabihf/7.4.0/../../../../arm-buildroot-linux-gnueabihf/bin/
LIBRARY_PATH=/opt/buildroot/board/freeplay/cm3/cross/bin/../lib/gcc/arm-buildroot-linux-gnueabihf/7.4.0/:/opt/buildroot/board/freeplay/cm3/cross/bin/../lib/gcc/:/opt/buildroot/board/freeplay/cm3/cross/bin/../lib/gcc/arm-buildroot-linux-gnueabihf/7.4.0/../../../../arm-buildroot-linux-gnueabihf/lib/:/opt/buildroot/buildroot/output/host/arm-buildroot-linux-gnueabihf/sysroot/lib/:/opt/buildroot/buildroot/output/host/arm-buildroot-linux-gnueabihf/sysroot/usr/lib/
COLLECT_GCC_OPTIONS='-mabi=aapcs-linux' '-mfpu=neon-vfpv4' '-marm' '-mfloat-abi=hard' '-mcpu=cortex-a53' '-D' '_LARGEFILE_SOURCE' '-D' '_LARGEFILE64_SOURCE' '-D' '_FILE_OFFSET_BITS=64' '-Os' '-D' 'NDEBUG' '-v' '-o' 'CMakeFiles/cmTC_d93b8.dir/CMakeCCompilerABI.c.o' '-c' '-mtls-dialect=gnu'
Linking C executable cmTC_d93b8
/snap/clion/73/bin/cmake/linux/bin/cmake -E cmake_link_script CMakeFiles/cmTC_d93b8.dir/link.txt --verbose=1
/opt/buildroot/buildroot/output/host/bin/arm-linux-gcc --sysroot=/opt/buildroot/buildroot/output/host/arm-buildroot-linux-gnueabihf/sysroot -D_LARGEFILE_SOURCE -D_LARGEFILE64_SOURCE -D_FILE_OFFSET_BITS=64 -Os   -DNDEBUG   -v CMakeFiles/cmTC_d93b8.dir/CMakeCCompilerABI.c.o  -o cmTC_d93b8 
Using built-in specs.
COLLECT_GCC=/opt/buildroot/buildroot/../board/freeplay/cm3/cross/usr/bin/arm-linux-gcc.br_real
COLLECT_LTO_WRAPPER=/opt/buildroot/board/freeplay/cm3/cross/bin/../libexec/gcc/arm-buildroot-linux-gnueabihf/7.4.0/lto-wrapper
Target: arm-buildroot-linux-gnueabihf
Configured with: ./configure --prefix=/opt/buildroot/buildroot/../board/freeplay/cm3/cross --sysconfdir=/opt/buildroot/buildroot/../board/freeplay/cm3/cross/etc --enable-static --target=arm-buildroot-linux-gnueabihf --with-sysroot=/opt/buildroot/buildroot/../board/freeplay/cm3/cross/arm-buildroot-linux-gnueabihf/sysroot --enable-__cxa_atexit --with-gnu-ld --disable-libssp --disable-multilib --disable-decimal-float --with-gmp=/opt/buildroot/buildroot/../board/freeplay/cm3/cross --with-mpc=/opt/buildroot/buildroot/../board/freeplay/cm3/cross --with-mpfr=/opt/buildroot/buildroot/../board/freeplay/cm3/cross --with-pkgversion='Buildroot 2019.05-00081-g1fa07c4577' --with-bugurl=http://bugs.buildroot.net/ --disable-libquadmath --enable-tls --disable-libmudflap --enable-threads --without-isl --without-cloog --with-abi=aapcs-linux --with-cpu=cortex-a53 --with-fpu=neon-vfpv4 --with-float=hard --with-mode=arm --enable-languages=c,c++ --with-build-time-tools=/opt/buildroot/buildroot/../board/freeplay/cm3/cross/arm-buildroot-linux-gnueabihf/bin --enable-shared --disable-libgomp
Thread model: posix
gcc version 7.4.0 (Buildroot 2019.05-00081-g1fa07c4577) 
COMPILER_PATH=/opt/buildroot/board/freeplay/cm3/cross/bin/../libexec/gcc/arm-buildroot-linux-gnueabihf/7.4.0/:/opt/buildroot/board/freeplay/cm3/cross/bin/../libexec/gcc/:/opt/buildroot/board/freeplay/cm3/cross/bin/../lib/gcc/arm-buildroot-linux-gnueabihf/7.4.0/../../../../arm-buildroot-linux-gnueabihf/bin/
LIBRARY_PATH=/opt/buildroot/board/freeplay/cm3/cross/bin/../lib/gcc/arm-buildroot-linux-gnueabihf/7.4.0/:/opt/buildroot/board/freeplay/cm3/cross/bin/../lib/gcc/:/opt/buildroot/board/freeplay/cm3/cross/bin/../lib/gcc/arm-buildroot-linux-gnueabihf/7.4.0/../../../../arm-buildroot-linux-gnueabihf/lib/:/opt/buildroot/buildroot/output/host/arm-buildroot-linux-gnueabihf/sysroot/lib/:/opt/buildroot/buildroot/output/host/arm-buildroot-linux-gnueabihf/sysroot/usr/lib/
COLLECT_GCC_OPTIONS='-mabi=aapcs-linux' '-mfpu=neon-vfpv4' '-marm' '-mfloat-abi=hard' '-mcpu=cortex-a53' '-D' '_LARGEFILE_SOURCE' '-D' '_LARGEFILE64_SOURCE' '-D' '_FILE_OFFSET_BITS=64' '-Os' '-D' 'NDEBUG' '-v' '-o' 'cmTC_d93b8' '-mtls-dialect=gnu'
 /opt/buildroot/board/freeplay/cm3/cross/bin/../libexec/gcc/arm-buildroot-linux-gnueabihf/7.4.0/collect2 -plugin /opt/buildroot/board/freeplay/cm3/cross/bin/../libexec/gcc/arm-buildroot-linux-gnueabihf/7.4.0/liblto_plugin.so -plugin-opt=/opt/buildroot/board/freeplay/cm3/cross/bin/../libexec/gcc/arm-buildroot-linux-gnueabihf/7.4.0/lto-wrapper -plugin-opt=-fresolution=/tmp/cceTdAQ5.res -plugin-opt=-pass-through=-lgcc -plugin-opt=-pass-through=-lgcc_s -plugin-opt=-pass-through=-lc -plugin-opt=-pass-through=-lgcc -plugin-opt=-pass-through=-lgcc_s --sysroot=/opt/buildroot/buildroot/output/host/arm-buildroot-linux-gnueabihf/sysroot --eh-frame-hdr -dynamic-linker /lib/ld-linux-armhf.so.3 -X -m armelf_linux_eabi -o cmTC_d93b8 /opt/buildroot/buildroot/output/host/arm-buildroot-linux-gnueabihf/sysroot/usr/lib/crt1.o /opt/buildroot/buildroot/output/host/arm-buildroot-linux-gnueabihf/sysroot/usr/lib/crti.o /opt/buildroot/board/freeplay/cm3/cross/bin/../lib/gcc/arm-buildroot-linux-gnueabihf/7.4.0/crtbegin.o -L/opt/buildroot/board/freeplay/cm3/cross/bin/../lib/gcc/arm-buildroot-linux-gnueabihf/7.4.0 -L/opt/buildroot/board/freeplay/cm3/cross/bin/../lib/gcc -L/opt/buildroot/board/freeplay/cm3/cross/bin/../lib/gcc/arm-buildroot-linux-gnueabihf/7.4.0/../../../../arm-buildroot-linux-gnueabihf/lib -L/opt/buildroot/buildroot/output/host/arm-buildroot-linux-gnueabihf/sysroot/lib -L/opt/buildroot/buildroot/output/host/arm-buildroot-linux-gnueabihf/sysroot/usr/lib CMakeFiles/cmTC_d93b8.dir/CMakeCCompilerABI.c.o -lgcc --as-needed -lgcc_s --no-as-needed -lc -lgcc --as-needed -lgcc_s --no-as-needed /opt/buildroot/board/freeplay/cm3/cross/bin/../lib/gcc/arm-buildroot-linux-gnueabihf/7.4.0/crtend.o /opt/buildroot/buildroot/output/host/arm-buildroot-linux-gnueabihf/sysroot/usr/lib/crtn.o
COLLECT_GCC_OPTIONS='-mabi=aapcs-linux' '-mfpu=neon-vfpv4' '-marm' '-mfloat-abi=hard' '-mcpu=cortex-a53' '-D' '_LARGEFILE_SOURCE' '-D' '_LARGEFILE64_SOURCE' '-D' '_FILE_OFFSET_BITS=64' '-Os' '-D' 'NDEBUG' '-v' '-o' 'cmTC_d93b8' '-mtls-dialect=gnu'
make[1]: Leaving directory '/opt/buildroot/freeplay-gpio/cmake-build-release/CMakeFiles/CMakeTmp'


Parsed C implicit include dir info from above output: rv=done
  found start of include info
  found start of implicit include info
    add: [/opt/buildroot/board/freeplay/cm3/cross/bin/../lib/gcc/arm-buildroot-linux-gnueabihf/7.4.0/include]
    add: [/opt/buildroot/board/freeplay/cm3/cross/bin/../lib/gcc/arm-buildroot-linux-gnueabihf/7.4.0/include-fixed]
    add: [/opt/buildroot/board/freeplay/cm3/cross/bin/../lib/gcc/arm-buildroot-linux-gnueabihf/7.4.0/../../../../arm-buildroot-linux-gnueabihf/include]
    add: [/opt/buildroot/buildroot/output/host/arm-buildroot-linux-gnueabihf/sysroot/usr/include]
  end of search list found
  collapse include dir [/opt/buildroot/board/freeplay/cm3/cross/bin/../lib/gcc/arm-buildroot-linux-gnueabihf/7.4.0/include] ==> [/opt/buildroot/board/freeplay/cm3/cross/lib/gcc/arm-buildroot-linux-gnueabihf/7.4.0/include]
  collapse include dir [/opt/buildroot/board/freeplay/cm3/cross/bin/../lib/gcc/arm-buildroot-linux-gnueabihf/7.4.0/include-fixed] ==> [/opt/buildroot/board/freeplay/cm3/cross/lib/gcc/arm-buildroot-linux-gnueabihf/7.4.0/include-fixed]
  collapse include dir [/opt/buildroot/board/freeplay/cm3/cross/bin/../lib/gcc/arm-buildroot-linux-gnueabihf/7.4.0/../../../../arm-buildroot-linux-gnueabihf/include] ==> [/opt/buildroot/board/freeplay/cm3/cross/arm-buildroot-linux-gnueabihf/include]
  collapse include dir [/opt/buildroot/buildroot/output/host/arm-buildroot-linux-gnueabihf/sysroot/usr/include] ==> [/opt/buildroot/buildroot/output/host/arm-buildroot-linux-gnueabihf/sysroot/usr/include]
  implicit include dirs: [/opt/buildroot/board/freeplay/cm3/cross/lib/gcc/arm-buildroot-linux-gnueabihf/7.4.0/include;/opt/buildroot/board/freeplay/cm3/cross/lib/gcc/arm-buildroot-linux-gnueabihf/7.4.0/include-fixed;/opt/buildroot/board/freeplay/cm3/cross/arm-buildroot-linux-gnueabihf/include;/opt/buildroot/buildroot/output/host/arm-buildroot-linux-gnueabihf/sysroot/usr/include]


Parsed C implicit link information from above output:
  link line regex: [^( *|.*[/\])(arm-linux-ld|CMAKE_LINK_STARTFILE-NOTFOUND|([^/\]+-)?ld|collect2)[^/\]*( |$)]
  ignore line: [Change Dir: /opt/buildroot/freeplay-gpio/cmake-build-release/CMakeFiles/CMakeTmp]
  ignore line: []
  ignore line: [Run Build Command(s):/usr/bin/make cmTC_d93b8/fast ]
  ignore line: [/usr/bin/make -f CMakeFiles/cmTC_d93b8.dir/build.make CMakeFiles/cmTC_d93b8.dir/build]
  ignore line: [make[1]: Entering directory '/opt/buildroot/freeplay-gpio/cmake-build-release/CMakeFiles/CMakeTmp']
  ignore line: [Building C object CMakeFiles/cmTC_d93b8.dir/CMakeCCompilerABI.c.o]
  ignore line: [/opt/buildroot/buildroot/output/host/bin/arm-linux-gcc --sysroot=/opt/buildroot/buildroot/output/host/arm-buildroot-linux-gnueabihf/sysroot   -D_LARGEFILE_SOURCE -D_LARGEFILE64_SOURCE -D_FILE_OFFSET_BITS=64 -Os   -DNDEBUG   -v -o CMakeFiles/cmTC_d93b8.dir/CMakeCCompilerABI.c.o   -c /snap/clion/73/bin/cmake/linux/share/cmake-3.14/Modules/CMakeCCompilerABI.c]
  ignore line: [Using built-in specs.]
  ignore line: [COLLECT_GCC=/opt/buildroot/buildroot/../board/freeplay/cm3/cross/usr/bin/arm-linux-gcc.br_real]
  ignore line: [Target: arm-buildroot-linux-gnueabihf]
  ignore line: [Configured with: ./configure --prefix=/opt/buildroot/buildroot/../board/freeplay/cm3/cross --sysconfdir=/opt/buildroot/buildroot/../board/freeplay/cm3/cross/etc --enable-static --target=arm-buildroot-linux-gnueabihf --with-sysroot=/opt/buildroot/buildroot/../board/freeplay/cm3/cross/arm-buildroot-linux-gnueabihf/sysroot --enable-__cxa_atexit --with-gnu-ld --disable-libssp --disable-multilib --disable-decimal-float --with-gmp=/opt/buildroot/buildroot/../board/freeplay/cm3/cross --with-mpc=/opt/buildroot/buildroot/../board/freeplay/cm3/cross --with-mpfr=/opt/buildroot/buildroot/../board/freeplay/cm3/cross --with-pkgversion='Buildroot 2019.05-00081-g1fa07c4577' --with-bugurl=http://bugs.buildroot.net/ --disable-libquadmath --enable-tls --disable-libmudflap --enable-threads --without-isl --without-cloog --with-abi=aapcs-linux --with-cpu=cortex-a53 --with-fpu=neon-vfpv4 --with-float=hard --with-mode=arm --enable-languages=c,c++ --with-build-time-tools=/opt/buildroot/buildroot/../board/freeplay/cm3/cross/arm-buildroot-linux-gnueabihf/bin --enable-shared --disable-libgomp]
  ignore line: [Thread model: posix]
  ignore line: [gcc version 7.4.0 (Buildroot 2019.05-00081-g1fa07c4577) ]
  ignore line: [COLLECT_GCC_OPTIONS='-mabi=aapcs-linux' '-mfpu=neon-vfpv4' '-marm' '-mfloat-abi=hard' '-mcpu=cortex-a53' '-D' '_LARGEFILE_SOURCE' '-D' '_LARGEFILE64_SOURCE' '-D' '_FILE_OFFSET_BITS=64' '-Os' '-D' 'NDEBUG' '-v' '-o' 'CMakeFiles/cmTC_d93b8.dir/CMakeCCompilerABI.c.o' '-c' '-mtls-dialect=gnu']
  ignore line: [ /opt/buildroot/board/freeplay/cm3/cross/bin/../libexec/gcc/arm-buildroot-linux-gnueabihf/7.4.0/cc1 -quiet -v -iprefix /opt/buildroot/board/freeplay/cm3/cross/bin/../lib/gcc/arm-buildroot-linux-gnueabihf/7.4.0/ -isysroot /opt/buildroot/buildroot/output/host/arm-buildroot-linux-gnueabihf/sysroot -D _LARGEFILE_SOURCE -D _LARGEFILE64_SOURCE -D _FILE_OFFSET_BITS=64 -D NDEBUG /snap/clion/73/bin/cmake/linux/share/cmake-3.14/Modules/CMakeCCompilerABI.c -quiet -dumpbase CMakeCCompilerABI.c -mabi=aapcs-linux -mfpu=neon-vfpv4 -marm -mfloat-abi=hard -mcpu=cortex-a53 -mtls-dialect=gnu -auxbase-strip CMakeFiles/cmTC_d93b8.dir/CMakeCCompilerABI.c.o -Os -version -o /tmp/ccalfPi2.s]
  ignore line: [GNU C11 (Buildroot 2019.05-00081-g1fa07c4577) version 7.4.0 (arm-buildroot-linux-gnueabihf)]
  ignore line: [	compiled by GNU C version 7.4.0, GMP version 6.1.2, MPFR version 4.0.2, MPC version 1.1.0, isl version none]
  ignore line: [GGC heuristics: --param ggc-min-expand=100 --param ggc-min-heapsize=131072]
  ignore line: [ignoring duplicate directory "/opt/buildroot/board/freeplay/cm3/cross/bin/../lib/gcc/../../lib/gcc/arm-buildroot-linux-gnueabihf/7.4.0/include"]
  ignore line: [ignoring nonexistent directory "/opt/buildroot/buildroot/output/host/arm-buildroot-linux-gnueabihf/sysroot/usr/local/include"]
  ignore line: [ignoring duplicate directory "/opt/buildroot/board/freeplay/cm3/cross/bin/../lib/gcc/../../lib/gcc/arm-buildroot-linux-gnueabihf/7.4.0/include-fixed"]
  ignore line: [ignoring duplicate directory "/opt/buildroot/board/freeplay/cm3/cross/bin/../lib/gcc/../../lib/gcc/arm-buildroot-linux-gnueabihf/7.4.0/../../../../arm-buildroot-linux-gnueabihf/include"]
  ignore line: [#include "..." search starts here:]
  ignore line: [#include <...> search starts here:]
  ignore line: [ /opt/buildroot/board/freeplay/cm3/cross/bin/../lib/gcc/arm-buildroot-linux-gnueabihf/7.4.0/include]
  ignore line: [ /opt/buildroot/board/freeplay/cm3/cross/bin/../lib/gcc/arm-buildroot-linux-gnueabihf/7.4.0/include-fixed]
  ignore line: [ /opt/buildroot/board/freeplay/cm3/cross/bin/../lib/gcc/arm-buildroot-linux-gnueabihf/7.4.0/../../../../arm-buildroot-linux-gnueabihf/include]
  ignore line: [ /opt/buildroot/buildroot/output/host/arm-buildroot-linux-gnueabihf/sysroot/usr/include]
  ignore line: [End of search list.]
  ignore line: [GNU C11 (Buildroot 2019.05-00081-g1fa07c4577) version 7.4.0 (arm-buildroot-linux-gnueabihf)]
  ignore line: [	compiled by GNU C version 7.4.0, GMP version 6.1.2, MPFR version 4.0.2, MPC version 1.1.0, isl version none]
  ignore line: [GGC heuristics: --param ggc-min-expand=100 --param ggc-min-heapsize=131072]
  ignore line: [Compiler executable checksum: 02f8482f825a330e439a8315f8c281c3]
  ignore line: [COLLECT_GCC_OPTIONS='-mabi=aapcs-linux' '-mfpu=neon-vfpv4' '-marm' '-mfloat-abi=hard' '-mcpu=cortex-a53' '-D' '_LARGEFILE_SOURCE' '-D' '_LARGEFILE64_SOURCE' '-D' '_FILE_OFFSET_BITS=64' '-Os' '-D' 'NDEBUG' '-v' '-o' 'CMakeFiles/cmTC_d93b8.dir/CMakeCCompilerABI.c.o' '-c' '-mtls-dialect=gnu']
  ignore line: [ /opt/buildroot/board/freeplay/cm3/cross/bin/../lib/gcc/arm-buildroot-linux-gnueabihf/7.4.0/../../../../arm-buildroot-linux-gnueabihf/bin/as -v -mcpu=cortex-a53 -mfloat-abi=hard -mfpu=neon-vfpv4 -meabi=5 -o CMakeFiles/cmTC_d93b8.dir/CMakeCCompilerABI.c.o /tmp/ccalfPi2.s]
  ignore line: [GNU assembler version 2.31.1 (arm-buildroot-linux-gnueabihf) using BFD version (GNU Binutils) 2.31.1]
  ignore line: [COMPILER_PATH=/opt/buildroot/board/freeplay/cm3/cross/bin/../libexec/gcc/arm-buildroot-linux-gnueabihf/7.4.0/:/opt/buildroot/board/freeplay/cm3/cross/bin/../libexec/gcc/:/opt/buildroot/board/freeplay/cm3/cross/bin/../lib/gcc/arm-buildroot-linux-gnueabihf/7.4.0/../../../../arm-buildroot-linux-gnueabihf/bin/]
  ignore line: [LIBRARY_PATH=/opt/buildroot/board/freeplay/cm3/cross/bin/../lib/gcc/arm-buildroot-linux-gnueabihf/7.4.0/:/opt/buildroot/board/freeplay/cm3/cross/bin/../lib/gcc/:/opt/buildroot/board/freeplay/cm3/cross/bin/../lib/gcc/arm-buildroot-linux-gnueabihf/7.4.0/../../../../arm-buildroot-linux-gnueabihf/lib/:/opt/buildroot/buildroot/output/host/arm-buildroot-linux-gnueabihf/sysroot/lib/:/opt/buildroot/buildroot/output/host/arm-buildroot-linux-gnueabihf/sysroot/usr/lib/]
  ignore line: [COLLECT_GCC_OPTIONS='-mabi=aapcs-linux' '-mfpu=neon-vfpv4' '-marm' '-mfloat-abi=hard' '-mcpu=cortex-a53' '-D' '_LARGEFILE_SOURCE' '-D' '_LARGEFILE64_SOURCE' '-D' '_FILE_OFFSET_BITS=64' '-Os' '-D' 'NDEBUG' '-v' '-o' 'CMakeFiles/cmTC_d93b8.dir/CMakeCCompilerABI.c.o' '-c' '-mtls-dialect=gnu']
  ignore line: [Linking C executable cmTC_d93b8]
  ignore line: [/snap/clion/73/bin/cmake/linux/bin/cmake -E cmake_link_script CMakeFiles/cmTC_d93b8.dir/link.txt --verbose=1]
  ignore line: [/opt/buildroot/buildroot/output/host/bin/arm-linux-gcc --sysroot=/opt/buildroot/buildroot/output/host/arm-buildroot-linux-gnueabihf/sysroot -D_LARGEFILE_SOURCE -D_LARGEFILE64_SOURCE -D_FILE_OFFSET_BITS=64 -Os   -DNDEBUG   -v CMakeFiles/cmTC_d93b8.dir/CMakeCCompilerABI.c.o  -o cmTC_d93b8 ]
  ignore line: [Using built-in specs.]
  ignore line: [COLLECT_GCC=/opt/buildroot/buildroot/../board/freeplay/cm3/cross/usr/bin/arm-linux-gcc.br_real]
  ignore line: [COLLECT_LTO_WRAPPER=/opt/buildroot/board/freeplay/cm3/cross/bin/../libexec/gcc/arm-buildroot-linux-gnueabihf/7.4.0/lto-wrapper]
  ignore line: [Target: arm-buildroot-linux-gnueabihf]
  ignore line: [Configured with: ./configure --prefix=/opt/buildroot/buildroot/../board/freeplay/cm3/cross --sysconfdir=/opt/buildroot/buildroot/../board/freeplay/cm3/cross/etc --enable-static --target=arm-buildroot-linux-gnueabihf --with-sysroot=/opt/buildroot/buildroot/../board/freeplay/cm3/cross/arm-buildroot-linux-gnueabihf/sysroot --enable-__cxa_atexit --with-gnu-ld --disable-libssp --disable-multilib --disable-decimal-float --with-gmp=/opt/buildroot/buildroot/../board/freeplay/cm3/cross --with-mpc=/opt/buildroot/buildroot/../board/freeplay/cm3/cross --with-mpfr=/opt/buildroot/buildroot/../board/freeplay/cm3/cross --with-pkgversion='Buildroot 2019.05-00081-g1fa07c4577' --with-bugurl=http://bugs.buildroot.net/ --disable-libquadmath --enable-tls --disable-libmudflap --enable-threads --without-isl --without-cloog --with-abi=aapcs-linux --with-cpu=cortex-a53 --with-fpu=neon-vfpv4 --with-float=hard --with-mode=arm --enable-languages=c,c++ --with-build-time-tools=/opt/buildroot/buildroot/../board/freeplay/cm3/cross/arm-buildroot-linux-gnueabihf/bin --enable-shared --disable-libgomp]
  ignore line: [Thread model: posix]
  ignore line: [gcc version 7.4.0 (Buildroot 2019.05-00081-g1fa07c4577) ]
  ignore line: [COMPILER_PATH=/opt/buildroot/board/freeplay/cm3/cross/bin/../libexec/gcc/arm-buildroot-linux-gnueabihf/7.4.0/:/opt/buildroot/board/freeplay/cm3/cross/bin/../libexec/gcc/:/opt/buildroot/board/freeplay/cm3/cross/bin/../lib/gcc/arm-buildroot-linux-gnueabihf/7.4.0/../../../../arm-buildroot-linux-gnueabihf/bin/]
  ignore line: [LIBRARY_PATH=/opt/buildroot/board/freeplay/cm3/cross/bin/../lib/gcc/arm-buildroot-linux-gnueabihf/7.4.0/:/opt/buildroot/board/freeplay/cm3/cross/bin/../lib/gcc/:/opt/buildroot/board/freeplay/cm3/cross/bin/../lib/gcc/arm-buildroot-linux-gnueabihf/7.4.0/../../../../arm-buildroot-linux-gnueabihf/lib/:/opt/buildroot/buildroot/output/host/arm-buildroot-linux-gnueabihf/sysroot/lib/:/opt/buildroot/buildroot/output/host/arm-buildroot-linux-gnueabihf/sysroot/usr/lib/]
  ignore line: [COLLECT_GCC_OPTIONS='-mabi=aapcs-linux' '-mfpu=neon-vfpv4' '-marm' '-mfloat-abi=hard' '-mcpu=cortex-a53' '-D' '_LARGEFILE_SOURCE' '-D' '_LARGEFILE64_SOURCE' '-D' '_FILE_OFFSET_BITS=64' '-Os' '-D' 'NDEBUG' '-v' '-o' 'cmTC_d93b8' '-mtls-dialect=gnu']
  link line: [ /opt/buildroot/board/freeplay/cm3/cross/bin/../libexec/gcc/arm-buildroot-linux-gnueabihf/7.4.0/collect2 -plugin /opt/buildroot/board/freeplay/cm3/cross/bin/../libexec/gcc/arm-buildroot-linux-gnueabihf/7.4.0/liblto_plugin.so -plugin-opt=/opt/buildroot/board/freeplay/cm3/cross/bin/../libexec/gcc/arm-buildroot-linux-gnueabihf/7.4.0/lto-wrapper -plugin-opt=-fresolution=/tmp/cceTdAQ5.res -plugin-opt=-pass-through=-lgcc -plugin-opt=-pass-through=-lgcc_s -plugin-opt=-pass-through=-lc -plugin-opt=-pass-through=-lgcc -plugin-opt=-pass-through=-lgcc_s --sysroot=/opt/buildroot/buildroot/output/host/arm-buildroot-linux-gnueabihf/sysroot --eh-frame-hdr -dynamic-linker /lib/ld-linux-armhf.so.3 -X -m armelf_linux_eabi -o cmTC_d93b8 /opt/buildroot/buildroot/output/host/arm-buildroot-linux-gnueabihf/sysroot/usr/lib/crt1.o /opt/buildroot/buildroot/output/host/arm-buildroot-linux-gnueabihf/sysroot/usr/lib/crti.o /opt/buildroot/board/freeplay/cm3/cross/bin/../lib/gcc/arm-buildroot-linux-gnueabihf/7.4.0/crtbegin.o -L/opt/buildroot/board/freeplay/cm3/cross/bin/../lib/gcc/arm-buildroot-linux-gnueabihf/7.4.0 -L/opt/buildroot/board/freeplay/cm3/cross/bin/../lib/gcc -L/opt/buildroot/board/freeplay/cm3/cross/bin/../lib/gcc/arm-buildroot-linux-gnueabihf/7.4.0/../../../../arm-buildroot-linux-gnueabihf/lib -L/opt/buildroot/buildroot/output/host/arm-buildroot-linux-gnueabihf/sysroot/lib -L/opt/buildroot/buildroot/output/host/arm-buildroot-linux-gnueabihf/sysroot/usr/lib CMakeFiles/cmTC_d93b8.dir/CMakeCCompilerABI.c.o -lgcc --as-needed -lgcc_s --no-as-needed -lc -lgcc --as-needed -lgcc_s --no-as-needed /opt/buildroot/board/freeplay/cm3/cross/bin/../lib/gcc/arm-buildroot-linux-gnueabihf/7.4.0/crtend.o /opt/buildroot/buildroot/output/host/arm-buildroot-linux-gnueabihf/sysroot/usr/lib/crtn.o]
    arg [/opt/buildroot/board/freeplay/cm3/cross/bin/../libexec/gcc/arm-buildroot-linux-gnueabihf/7.4.0/collect2] ==> ignore
    arg [-plugin] ==> ignore
    arg [/opt/buildroot/board/freeplay/cm3/cross/bin/../libexec/gcc/arm-buildroot-linux-gnueabihf/7.4.0/liblto_plugin.so] ==> ignore
    arg [-plugin-opt=/opt/buildroot/board/freeplay/cm3/cross/bin/../libexec/gcc/arm-buildroot-linux-gnueabihf/7.4.0/lto-wrapper] ==> ignore
    arg [-plugin-opt=-fresolution=/tmp/cceTdAQ5.res] ==> ignore
    arg [-plugin-opt=-pass-through=-lgcc] ==> ignore
    arg [-plugin-opt=-pass-through=-lgcc_s] ==> ignore
    arg [-plugin-opt=-pass-through=-lc] ==> ignore
    arg [-plugin-opt=-pass-through=-lgcc] ==> ignore
    arg [-plugin-opt=-pass-through=-lgcc_s] ==> ignore
    arg [--sysroot=/opt/buildroot/buildroot/output/host/arm-buildroot-linux-gnueabihf/sysroot] ==> ignore
    arg [--eh-frame-hdr] ==> ignore
    arg [-dynamic-linker] ==> ignore
    arg [/lib/ld-linux-armhf.so.3] ==> ignore
    arg [-X] ==> ignore
    arg [-m] ==> ignore
    arg [armelf_linux_eabi] ==> ignore
    arg [-o] ==> ignore
    arg [cmTC_d93b8] ==> ignore
    arg [/opt/buildroot/buildroot/output/host/arm-buildroot-linux-gnueabihf/sysroot/usr/lib/crt1.o] ==> ignore
    arg [/opt/buildroot/buildroot/output/host/arm-buildroot-linux-gnueabihf/sysroot/usr/lib/crti.o] ==> ignore
    arg [/opt/buildroot/board/freeplay/cm3/cross/bin/../lib/gcc/arm-buildroot-linux-gnueabihf/7.4.0/crtbegin.o] ==> ignore
    arg [-L/opt/buildroot/board/freeplay/cm3/cross/bin/../lib/gcc/arm-buildroot-linux-gnueabihf/7.4.0] ==> dir [/opt/buildroot/board/freeplay/cm3/cross/bin/../lib/gcc/arm-buildroot-linux-gnueabihf/7.4.0]
    arg [-L/opt/buildroot/board/freeplay/cm3/cross/bin/../lib/gcc] ==> dir [/opt/buildroot/board/freeplay/cm3/cross/bin/../lib/gcc]
    arg [-L/opt/buildroot/board/freeplay/cm3/cross/bin/../lib/gcc/arm-buildroot-linux-gnueabihf/7.4.0/../../../../arm-buildroot-linux-gnueabihf/lib] ==> dir [/opt/buildroot/board/freeplay/cm3/cross/bin/../lib/gcc/arm-buildroot-linux-gnueabihf/7.4.0/../../../../arm-buildroot-linux-gnueabihf/lib]
    arg [-L/opt/buildroot/buildroot/output/host/arm-buildroot-linux-gnueabihf/sysroot/lib] ==> dir [/opt/buildroot/buildroot/output/host/arm-buildroot-linux-gnueabihf/sysroot/lib]
    arg [-L/opt/buildroot/buildroot/output/host/arm-buildroot-linux-gnueabihf/sysroot/usr/lib] ==> dir [/opt/buildroot/buildroot/output/host/arm-buildroot-linux-gnueabihf/sysroot/usr/lib]
    arg [CMakeFiles/cmTC_d93b8.dir/CMakeCCompilerABI.c.o] ==> ignore
    arg [-lgcc] ==> lib [gcc]
    arg [--as-needed] ==> ignore
    arg [-lgcc_s] ==> lib [gcc_s]
    arg [--no-as-needed] ==> ignore
    arg [-lc] ==> lib [c]
    arg [-lgcc] ==> lib [gcc]
    arg [--as-needed] ==> ignore
    arg [-lgcc_s] ==> lib [gcc_s]
    arg [--no-as-needed] ==> ignore
    arg [/opt/buildroot/board/freeplay/cm3/cross/bin/../lib/gcc/arm-buildroot-linux-gnueabihf/7.4.0/crtend.o] ==> ignore
    arg [/opt/buildroot/buildroot/output/host/arm-buildroot-linux-gnueabihf/sysroot/usr/lib/crtn.o] ==> ignore
  collapse library dir [/opt/buildroot/board/freeplay/cm3/cross/bin/../lib/gcc/arm-buildroot-linux-gnueabihf/7.4.0] ==> [/opt/buildroot/board/freeplay/cm3/cross/lib/gcc/arm-buildroot-linux-gnueabihf/7.4.0]
  collapse library dir [/opt/buildroot/board/freeplay/cm3/cross/bin/../lib/gcc] ==> [/opt/buildroot/board/freeplay/cm3/cross/lib/gcc]
  collapse library dir [/opt/buildroot/board/freeplay/cm3/cross/bin/../lib/gcc/arm-buildroot-linux-gnueabihf/7.4.0/../../../../arm-buildroot-linux-gnueabihf/lib] ==> [/opt/buildroot/board/freeplay/cm3/cross/arm-buildroot-linux-gnueabihf/lib]
  collapse library dir [/opt/buildroot/buildroot/output/host/arm-buildroot-linux-gnueabihf/sysroot/lib] ==> [/opt/buildroot/buildroot/output/host/arm-buildroot-linux-gnueabihf/sysroot/lib]
  collapse library dir [/opt/buildroot/buildroot/output/host/arm-buildroot-linux-gnueabihf/sysroot/usr/lib] ==> [/opt/buildroot/buildroot/output/host/arm-buildroot-linux-gnueabihf/sysroot/usr/lib]
  implicit libs: [gcc;gcc_s;c;gcc;gcc_s]
  implicit dirs: [/opt/buildroot/board/freeplay/cm3/cross/lib/gcc/arm-buildroot-linux-gnueabihf/7.4.0;/opt/buildroot/board/freeplay/cm3/cross/lib/gcc;/opt/buildroot/board/freeplay/cm3/cross/arm-buildroot-linux-gnueabihf/lib;/opt/buildroot/buildroot/output/host/arm-buildroot-linux-gnueabihf/sysroot/lib;/opt/buildroot/buildroot/output/host/arm-buildroot-linux-gnueabihf/sysroot/usr/lib]
  implicit fwks: []




Detecting C [-std=c11] compiler features compiled with the following output:
Change Dir: /opt/buildroot/freeplay-gpio/cmake-build-release/CMakeFiles/CMakeTmp

Run Build Command(s):/usr/bin/make cmTC_3933c/fast 
/usr/bin/make -f CMakeFiles/cmTC_3933c.dir/build.make CMakeFiles/cmTC_3933c.dir/build
make[1] : on entre dans le répertoire « /opt/buildroot/freeplay-gpio/cmake-build-release/CMakeFiles/CMakeTmp »
Building C object CMakeFiles/cmTC_3933c.dir/feature_tests.c.o
/opt/buildroot/buildroot/output/host/bin/arm-linux-gcc --sysroot=/opt/buildroot/buildroot/output/host/arm-buildroot-linux-gnueabihf/sysroot   -D_LARGEFILE_SOURCE -D_LARGEFILE64_SOURCE -D_FILE_OFFSET_BITS=64 -Os   -DNDEBUG   -std=c11 -o CMakeFiles/cmTC_3933c.dir/feature_tests.c.o   -c /opt/buildroot/freeplay-gpio/cmake-build-release/CMakeFiles/feature_tests.c
Linking C executable cmTC_3933c
/snap/clion/73/bin/cmake/linux/bin/cmake -E cmake_link_script CMakeFiles/cmTC_3933c.dir/link.txt --verbose=1
/opt/buildroot/buildroot/output/host/bin/arm-linux-gcc --sysroot=/opt/buildroot/buildroot/output/host/arm-buildroot-linux-gnueabihf/sysroot -D_LARGEFILE_SOURCE -D_LARGEFILE64_SOURCE -D_FILE_OFFSET_BITS=64 -Os   -DNDEBUG    CMakeFiles/cmTC_3933c.dir/feature_tests.c.o  -o cmTC_3933c 
make[1] : on quitte le répertoire « /opt/buildroot/freeplay-gpio/cmake-build-release/CMakeFiles/CMakeTmp »


    Feature record: C_FEATURE:1c_function_prototypes
    Feature record: C_FEATURE:1c_restrict
    Feature record: C_FEATURE:1c_static_assert
    Feature record: C_FEATURE:1c_variadic_macros


Detecting C [-std=c99] compiler features compiled with the following output:
Change Dir: /opt/buildroot/freeplay-gpio/cmake-build-release/CMakeFiles/CMakeTmp

Run Build Command(s):/usr/bin/make cmTC_2babe/fast 
/usr/bin/make -f CMakeFiles/cmTC_2babe.dir/build.make CMakeFiles/cmTC_2babe.dir/build
make[1] : on entre dans le répertoire « /opt/buildroot/freeplay-gpio/cmake-build-release/CMakeFiles/CMakeTmp »
Building C object CMakeFiles/cmTC_2babe.dir/feature_tests.c.o
/opt/buildroot/buildroot/output/host/bin/arm-linux-gcc --sysroot=/opt/buildroot/buildroot/output/host/arm-buildroot-linux-gnueabihf/sysroot   -D_LARGEFILE_SOURCE -D_LARGEFILE64_SOURCE -D_FILE_OFFSET_BITS=64 -Os   -DNDEBUG   -std=c99 -o CMakeFiles/cmTC_2babe.dir/feature_tests.c.o   -c /opt/buildroot/freeplay-gpio/cmake-build-release/CMakeFiles/feature_tests.c
Linking C executable cmTC_2babe
/snap/clion/73/bin/cmake/linux/bin/cmake -E cmake_link_script CMakeFiles/cmTC_2babe.dir/link.txt --verbose=1
/opt/buildroot/buildroot/output/host/bin/arm-linux-gcc --sysroot=/opt/buildroot/buildroot/output/host/arm-buildroot-linux-gnueabihf/sysroot -D_LARGEFILE_SOURCE -D_LARGEFILE64_SOURCE -D_FILE_OFFSET_BITS=64 -Os   -DNDEBUG    CMakeFiles/cmTC_2babe.dir/feature_tests.c.o  -o cmTC_2babe 
make[1] : on quitte le répertoire « /opt/buildroot/freeplay-gpio/cmake-build-release/CMakeFiles/CMakeTmp »


    Feature record: C_FEATURE:1c_function_prototypes
    Feature record: C_FEATURE:1c_restrict
    Feature record: C_FEATURE:0c_static_assert
    Feature record: C_FEATURE:1c_variadic_macros


Detecting C [-std=c90] compiler features compiled with the following output:
Change Dir: /opt/buildroot/freeplay-gpio/cmake-build-release/CMakeFiles/CMakeTmp

Run Build Command(s):/usr/bin/make cmTC_444fa/fast 
/usr/bin/make -f CMakeFiles/cmTC_444fa.dir/build.make CMakeFiles/cmTC_444fa.dir/build
make[1] : on entre dans le répertoire « /opt/buildroot/freeplay-gpio/cmake-build-release/CMakeFiles/CMakeTmp »
Building C object CMakeFiles/cmTC_444fa.dir/feature_tests.c.o
/opt/buildroot/buildroot/output/host/bin/arm-linux-gcc --sysroot=/opt/buildroot/buildroot/output/host/arm-buildroot-linux-gnueabihf/sysroot   -D_LARGEFILE_SOURCE -D_LARGEFILE64_SOURCE -D_FILE_OFFSET_BITS=64 -Os   -DNDEBUG   -std=c90 -o CMakeFiles/cmTC_444fa.dir/feature_tests.c.o   -c /opt/buildroot/freeplay-gpio/cmake-build-release/CMakeFiles/feature_tests.c
Linking C executable cmTC_444fa
/snap/clion/73/bin/cmake/linux/bin/cmake -E cmake_link_script CMakeFiles/cmTC_444fa.dir/link.txt --verbose=1
/opt/buildroot/buildroot/output/host/bin/arm-linux-gcc --sysroot=/opt/buildroot/buildroot/output/host/arm-buildroot-linux-gnueabihf/sysroot -D_LARGEFILE_SOURCE -D_LARGEFILE64_SOURCE -D_FILE_OFFSET_BITS=64 -Os   -DNDEBUG    CMakeFiles/cmTC_444fa.dir/feature_tests.c.o  -o cmTC_444fa 
make[1] : on quitte le répertoire « /opt/buildroot/freeplay-gpio/cmake-build-release/CMakeFiles/CMakeTmp »


    Feature record: C_FEATURE:1c_function_prototypes
    Feature record: C_FEATURE:0c_restrict
    Feature record: C_FEATURE:0c_static_assert
    Feature record: C_FEATURE:0c_variadic_macros
